<?xml version="1.0" encoding="UTF-8"?>
<coverage generated="1730616304107" clover="3.2.0">
  <project timestamp="1730616304107" name="All files">
    <metrics statements="16" coveredstatements="16" conditionals="4" coveredconditionals="4" methods="2" coveredmethods="2" elements="22" coveredelements="22" complexity="0" loc="16" ncloc="16" packages="1" files="1" classes="1"/>
    <file name="index.ts" path="/home/ryan/developments/poc/i18next-infer-missing-key/src/index.ts">
      <metrics statements="16" coveredstatements="16" conditionals="4" coveredconditionals="4" methods="2" coveredmethods="2"/>
      <line num="8" count="7" type="stmt"/>
      <line num="10" count="112" type="cond" truecount="1" falsecount="0"/>
      <line num="13" count="80" type="stmt"/>
      <line num="18" count="160" type="stmt"/>
      <line num="19" count="134" type="stmt"/>
      <line num="20" count="134" type="cond" truecount="1" falsecount="0"/>
      <line num="21" count="48" type="stmt"/>
      <line num="22" count="48" type="stmt"/>
      <line num="30" count="32" type="stmt"/>
      <line num="34" count="7" type="stmt"/>
      <line num="35" count="11" type="stmt"/>
      <line num="40" count="11" type="cond" truecount="1" falsecount="0"/>
      <line num="41" count="6" type="stmt"/>
      <line num="45" count="11" type="cond" truecount="1" falsecount="0"/>
      <line num="46" count="9" type="stmt"/>
      <line num="49" count="11" type="stmt"/>
    </file>
  </project>
</coverage>
