{"/home/ryan/developments/poc/i18next-infer-missing-key/src/index.ts": {"path":"/home/ryan/developments/poc/i18next-infer-missing-key/src/index.ts","statementMap":{"0":{"start":{"line":8,"column":0},"end":{"line":8,"column":16}},"1":{"start":{"line":34,"column":0},"end":{"line":34,"column":16}},"2":{"start":{"line":10,"column":2},"end":{"line":10,"column":null}},"3":{"start":{"line":13,"column":66},"end":{"line":16,"column":4}},"4":{"start":{"line":18,"column":2},"end":{"line":28,"column":3}},"5":{"start":{"line":18,"column":32},"end":{"line":18,"column":40}},"6":{"start":{"line":18,"column":13},"end":{"line":18,"column":15}},"7":{"start":{"line":18,"column":19},"end":{"line":18,"column":21}},"8":{"start":{"line":18,"column":26},"end":{"line":18,"column":28}},"9":{"start":{"line":19,"column":18},"end":{"line":19,"column":34}},"10":{"start":{"line":20,"column":4},"end":{"line":27,"column":5}},"11":{"start":{"line":21,"column":21},"end":{"line":21,"column":43}},"12":{"start":{"line":22,"column":6},"end":{"line":26,"column":9}},"13":{"start":{"line":30,"column":2},"end":{"line":30,"column":14}},"14":{"start":{"line":35,"column":16},"end":{"line":35,"column":23}},"15":{"start":{"line":40,"column":2},"end":{"line":42,"column":3}},"16":{"start":{"line":41,"column":4},"end":{"line":41,"column":33}},"17":{"start":{"line":45,"column":2},"end":{"line":47,"column":3}},"18":{"start":{"line":46,"column":4},"end":{"line":46,"column":35}},"19":{"start":{"line":49,"column":2},"end":{"line":49,"column":17}}},"fnMap":{"0":{"name":"i18nextInferKey","decl":{"start":{"line":8,"column":16},"end":{"line":8,"column":31}},"loc":{"start":{"line":10,"column":30},"end":{"line":31,"column":1}}},"1":{"name":"i18nextInferContext","decl":{"start":{"line":34,"column":16},"end":{"line":34,"column":35}},"loc":{"start":{"line":34,"column":53},"end":{"line":50,"column":1}}}},"branchMap":{"0":{"loc":{"start":{"line":10,"column":2},"end":{"line":10,"column":null}},"type":"if","locations":[{"start":{"line":10,"column":2},"end":{"line":10,"column":null}}]},"1":{"loc":{"start":{"line":20,"column":4},"end":{"line":27,"column":5}},"type":"if","locations":[{"start":{"line":20,"column":4},"end":{"line":27,"column":5}}]},"2":{"loc":{"start":{"line":40,"column":2},"end":{"line":42,"column":3}},"type":"if","locations":[{"start":{"line":40,"column":2},"end":{"line":42,"column":3}}]},"3":{"loc":{"start":{"line":45,"column":2},"end":{"line":47,"column":3}},"type":"if","locations":[{"start":{"line":45,"column":2},"end":{"line":47,"column":3}}]}},"s":{"0":7,"1":7,"2":112,"3":80,"4":80,"5":160,"6":134,"7":134,"8":134,"9":134,"10":134,"11":48,"12":48,"13":32,"14":11,"15":11,"16":6,"17":11,"18":9,"19":11},"f":{"0":80,"1":11},"b":{"0":[32],"1":[48],"2":[6],"3":[9]}}
}
